{
  "RSpec": {
    "coverage": {
      "/Users/annalewis/turing/4module/projects/therapy-track-rails/app/models/anxiety_report.rb": [
        1,
        1,
        null
      ],
      "/Users/annalewis/turing/4module/projects/therapy-track-rails/app/models/application_record.rb": [
        1,
        1,
        null
      ],
      "/Users/annalewis/turing/4module/projects/therapy-track-rails/app/models/appointment.rb": [
        1,
        1,
        null
      ],
      "/Users/annalewis/turing/4module/projects/therapy-track-rails/app/models/basic_report.rb": [
        1,
        1,
        null
      ],
      "/Users/annalewis/turing/4module/projects/therapy-track-rails/app/models/depression_report.rb": [
        1,
        1,
        null
      ],
      "/Users/annalewis/turing/4module/projects/therapy-track-rails/app/models/report.rb": [
        1,
        1,
        1,
        1,
        1,
        1,
        null
      ],
      "/Users/annalewis/turing/4module/projects/therapy-track-rails/app/models/wellness_report.rb": [
        1,
        1,
        null
      ],
      "/Users/annalewis/turing/4module/projects/therapy-track-rails/app/controllers/application_controller.rb": [
        1,
        1,
        null
      ],
      "/Users/annalewis/turing/4module/projects/therapy-track-rails/app/controllers/api/v1/appointments_controller.rb": [
        1,
        1,
        null,
        1,
        1,
        null,
        null,
        1,
        2,
        null,
        1,
        null,
        null,
        1,
        1,
        null,
        0,
        null,
        null,
        1,
        1,
        null,
        0,
        null,
        null,
        1,
        2,
        1,
        null,
        1,
        null,
        null,
        1,
        null,
        1,
        null,
        null,
        null,
        null,
        null,
        null,
        2,
        null,
        null
      ],
      "/Users/annalewis/turing/4module/projects/therapy-track-rails/app/serializers/appointment_serializer.rb": [
        1,
        1,
        null,
        null,
        null,
        null,
        null,
        null,
        null
      ],
      "/Users/annalewis/turing/4module/projects/therapy-track-rails/app/controllers/api/v1/reports_controller.rb": [
        1,
        1,
        1,
        null,
        0,
        null,
        null,
        1,
        null,
        1,
        null,
        null,
        1,
        null,
        null
      ],
      "/Users/annalewis/turing/4module/projects/therapy-track-rails/app/controllers/api/v1/basic_controller.rb": [
        1,
        1,
        1,
        1,
        1,
        1,
        null,
        null,
        1,
        null,
        1,
        null,
        1,
        null,
        null,
        null,
        null,
        null,
        null,
        null
      ],
      "/Users/annalewis/turing/4module/projects/therapy-track-rails/app/controllers/api/v1/wellness_controller.rb": [
        1,
        1,
        1,
        1,
        1,
        1,
        null,
        null,
        1,
        null,
        1,
        null,
        1,
        null,
        null,
        null,
        null,
        null,
        null,
        null,
        null
      ],
      "/Users/annalewis/turing/4module/projects/therapy-track-rails/app/controllers/api/v1/anxiety_controller.rb": [
        1,
        1,
        1,
        1,
        1,
        1,
        null,
        null,
        1,
        null,
        1,
        null,
        1,
        null,
        null,
        null,
        null,
        null,
        null,
        null,
        null,
        null,
        null
      ],
      "/Users/annalewis/turing/4module/projects/therapy-track-rails/app/controllers/api/v1/depression_controller.rb": [
        1,
        1,
        1,
        1,
        1,
        1,
        null,
        null,
        1,
        null,
        1,
        null,
        1,
        null,
        null,
        null,
        null,
        null,
        null,
        null,
        null,
        null,
        null,
        null,
        null,
        null,
        null,
        null,
        null,
        null,
        null,
        null,
        null,
        null,
        null,
        null
      ],
      "/Users/annalewis/turing/4module/projects/therapy-track-rails/app/mailers/application_mailer.rb": [
        0,
        0,
        0,
        0
      ],
      "/Users/annalewis/turing/4module/projects/therapy-track-rails/app/models/user.rb": [
        0,
        0,
        null,
        null,
        0,
        0,
        0,
        0
      ],
      "/Users/annalewis/turing/4module/projects/therapy-track-rails/app/jobs/application_job.rb": [
        0,
        0
      ],
      "/Users/annalewis/turing/4module/projects/therapy-track-rails/app/helpers/application_helper.rb": [
        0,
        0
      ],
      "/Users/annalewis/turing/4module/projects/therapy-track-rails/app/channels/application_cable/connection.rb": [
        0,
        0,
        0,
        0
      ],
      "/Users/annalewis/turing/4module/projects/therapy-track-rails/app/channels/application_cable/channel.rb": [
        0,
        0,
        0,
        0
      ]
    },
    "timestamp": 1527912396
  }
}
