{
  "RSpec": {
    "coverage": {
      "/Users/annalewis/turing/4module/projects/therapy-track-rails/app/models/appointment.rb": [
        1,
        null
      ],
      "/Users/annalewis/turing/4module/projects/therapy-track-rails/app/models/application_record.rb": [
        1,
        1,
        null
      ],
      "/Users/annalewis/turing/4module/projects/therapy-track-rails/app/controllers/api/v1/appointments_controller.rb": [
        1,
        1,
        1,
        null,
        null,
        1,
        2,
        null,
        1,
        null,
        null
      ],
      "/Users/annalewis/turing/4module/projects/therapy-track-rails/app/controllers/application_controller.rb": [
        1,
        1,
        null
      ],
      "/Users/annalewis/turing/4module/projects/therapy-track-rails/app/serializers/appointment_serializer.rb": [
        1,
        1,
        null,
        null,
        null,
        null,
        null,
        null
      ],
      "/Users/annalewis/turing/4module/projects/therapy-track-rails/app/mailers/application_mailer.rb": [
        0,
        0,
        0,
        0
      ],
      "/Users/annalewis/turing/4module/projects/therapy-track-rails/app/jobs/application_job.rb": [
        0,
        0
      ],
      "/Users/annalewis/turing/4module/projects/therapy-track-rails/app/helpers/application_helper.rb": [
        0,
        0
      ],
      "/Users/annalewis/turing/4module/projects/therapy-track-rails/app/channels/application_cable/connection.rb": [
        0,
        0,
        0,
        0
      ],
      "/Users/annalewis/turing/4module/projects/therapy-track-rails/app/channels/application_cable/channel.rb": [
        0,
        0,
        0,
        0
      ]
    },
    "timestamp": 1527377261
  }
}
